app/build/outputs/logs/manifest-merger-debug-report.txt
-- Merging decision tree log ---
manifest
ADDED from src\main\AndroidManifest.xml:2:1-184:12
	package
		ADDED from src\main\AndroidManifest.xml:4:5-37
		INJECTED from src\main\AndroidManifest.xml
		INJECTED from src\main\AndroidManifest.xml
	android:versionName
		ADDED from src\main\AndroidManifest.xml:6:5-30
		INJECTED from src\main\AndroidManifest.xml
		INJECTED from src\main\AndroidManifest.xml
	xmlns:tools
		ADDED from src\main\AndroidManifest.xml:3:5-51
	android:versionCode
		ADDED from src\main\AndroidManifest.xml:5:5-28
		INJECTED from src\main\AndroidManifest.xml
		INJECTED from src\main\AndroidManifest.xml
	xmlns:android
		ADDED from src\main\AndroidManifest.xml:2:11-69
uses-permission#android.permission.READ_PHONE_STATE
ADDED from src\main\AndroidManifest.xml:8:5-74
	android:name
		ADDED from src\main\AndroidManifest.xml:8:22-72
uses-permission#android.permission.INTERNET
ADDED from src\main\AndroidManifest.xml:9:5-67
	android:name
		ADDED from src\main\AndroidManifest.xml:9:22-64
uses-permission#android.permission.WRITE_EXTERNAL_STORAGE
ADDED from src\main\AndroidManifest.xml:10:5-81
	android:name
		ADDED from src\main\AndroidManifest.xml:10:22-78
uses-permission#android.permission.READ_CONTACTS
ADDED from src\main\AndroidManifest.xml:11:5-71
	android:name
		ADDED from src\main\AndroidManifest.xml:11:22-69
uses-permission#android.permission.SEND_SMS
ADDED from src\main\AndroidManifest.xml:12:5-66
	android:name
		ADDED from src\main\AndroidManifest.xml:12:22-64
uses-permission#android.permission.RECEIVE_BOOT_COMPLETED
ADDED from src\main\AndroidManifest.xml:14:5-80
	android:name
		ADDED from src\main\AndroidManifest.xml:14:22-78
uses-permission#android.permission.RECEIVE_SMS
ADDED from src\main\AndroidManifest.xml:16:5-69
	android:name
		ADDED from src\main\AndroidManifest.xml:16:22-67
uses-permission#android.permission.ACCESS_COARSE_LOCATION
ADDED from src\main\AndroidManifest.xml:19:5-80
	android:name
		ADDED from src\main\AndroidManifest.xml:19:22-78
uses-permission#android.permission.ACCESS_FINE_LOCATION
ADDED from src\main\AndroidManifest.xml:20:5-78
	android:name
		ADDED from src\main\AndroidManifest.xml:20:22-76
uses-permission#android.permission.VIBRATE
ADDED from src\main\AndroidManifest.xml:22:5-65
	android:name
		ADDED from src\main\AndroidManifest.xml:22:22-63
uses-permission#android.permission.SYSTEM_ALERT_WINDOW
ADDED from src\main\AndroidManifest.xml:24:5-77
	android:name
		ADDED from src\main\AndroidManifest.xml:24:22-75
uses-permission#android.permission.PROCESS_OUTGOING_CALLS
ADDED from src\main\AndroidManifest.xml:26:5-80
	android:name
		ADDED from src\main\AndroidManifest.xml:26:22-78
uses-permission#android.permission.CALL_PHONE
ADDED from src\main\AndroidManifest.xml:28:5-68
	android:name
		ADDED from src\main\AndroidManifest.xml:28:22-66
uses-permission#android.permission.READ_CALL_LOG
ADDED from src\main\AndroidManifest.xml:29:5-71
	android:name
		ADDED from src\main\AndroidManifest.xml:29:22-69
uses-permission#android.permission.WRITE_CALL_LOG
ADDED from src\main\AndroidManifest.xml:30:5-72
	android:name
		ADDED from src\main\AndroidManifest.xml:30:22-70
uses-permission#android.permission.READ_SMS
ADDED from src\main\AndroidManifest.xml:31:5-66
	android:name
		ADDED from src\main\AndroidManifest.xml:31:22-64
uses-permission#android.permission.KILL_BACKGROUND_PROCESSES
ADDED from src\main\AndroidManifest.xml:32:5-83
	android:name
		ADDED from src\main\AndroidManifest.xml:32:22-81
permission#com.android.launcher.permission.INSTALL_SHORTCUT
ADDED from src\main\AndroidManifest.xml:33:5-82
	android:name
		ADDED from src\main\AndroidManifest.xml:33:17-80
uses-permission#android.permission.REAL_GET_TASKS
ADDED from src\main\AndroidManifest.xml:34:5-72
	android:name
		ADDED from src\main\AndroidManifest.xml:34:22-70
uses-permission#android.permission.PACKAGE_USAGE_STATS
ADDED from src\main\AndroidManifest.xml:35:5-36:47
	tools:ignore
		ADDED from src\main\AndroidManifest.xml:36:9-44
	android:name
		ADDED from src\main\AndroidManifest.xml:35:22-75
uses-permission#android.permission.GET_TASKS
ADDED from src\main\AndroidManifest.xml:37:5-67
	android:name
		ADDED from src\main\AndroidManifest.xml:37:22-65
uses-permission#android.permission.CLEAR_APP_CACHE
ADDED from src\main\AndroidManifest.xml:38:5-74
	android:name
		ADDED from src\main\AndroidManifest.xml:38:22-71
uses-permission#android.permission.GET_PACKAGE_SIZE
ADDED from src\main\AndroidManifest.xml:39:5-74
	android:name
		ADDED from src\main\AndroidManifest.xml:39:22-72
application
ADDED from src\main\AndroidManifest.xml:47:5-182:19
MERGED from [com.android.support:appcompat-v7:23.2.1] AndroidManifest.xml:25:5-20
MERGED from [com.android.support:support-v4:23.2.1] AndroidManifest.xml:22:5-20
MERGED from [com.android.support:animated-vector-drawable:23.2.1] AndroidManifest.xml:7:5-20
MERGED from [com.android.support:support-vector-drawable:23.2.1] AndroidManifest.xml:7:5-20
	android:label
		ADDED from src\main\AndroidManifest.xml:50:9-41
	android:supportsRtl
		ADDED from src\main\AndroidManifest.xml:51:9-35
	android:allowBackup
		ADDED from src\main\AndroidManifest.xml:48:9-35
	android:icon
		ADDED from src\main\AndroidManifest.xml:49:9-40
	android:theme
		ADDED from src\main\AndroidManifest.xml:52:9-40
activity#android.ye.mobileguard.Activity.SplashActivity
ADDED from src\main\AndroidManifest.xml:53:9-59:20
	android:name
		ADDED from src\main\AndroidManifest.xml:53:19-58
intent-filter#android.intent.action.MAIN+android.intent.category.LAUNCHER
ADDED from src\main\AndroidManifest.xml:54:13-58:29
action#android.intent.action.MAIN
ADDED from src\main\AndroidManifest.xml:55:17-69
	android:name
		ADDED from src\main\AndroidManifest.xml:55:25-66
category#android.intent.category.LAUNCHER
ADDED from src\main\AndroidManifest.xml:57:17-77
	android:name
		ADDED from src\main\AndroidManifest.xml:57:27-74
activity#android.ye.mobileguard.Activity.HomeActivity
ADDED from src\main\AndroidManifest.xml:60:9-65:20
	android:name
		ADDED from src\main\AndroidManifest.xml:60:19-56
intent-filter#android.intent.action.HOME+android.intent.category.DEFAULT
ADDED from src\main\AndroidManifest.xml:61:13-64:29
action#android.intent.action.HOME
ADDED from src\main\AndroidManifest.xml:62:17-69
	android:name
		ADDED from src\main\AndroidManifest.xml:62:25-66
category#android.intent.category.DEFAULT
ADDED from src\main\AndroidManifest.xml:63:17-76
	android:name
		ADDED from src\main\AndroidManifest.xml:63:27-73
activity#android.ye.mobileguard.Activity.SettingActivity
ADDED from src\main\AndroidManifest.xml:68:9-61
	android:name
		ADDED from src\main\AndroidManifest.xml:68:19-59
activity#android.ye.mobileguard.Activity.Set1Activity
ADDED from src\main\AndroidManifest.xml:69:9-58
	android:name
		ADDED from src\main\AndroidManifest.xml:69:19-56
activity#android.ye.mobileguard.Activity.Set2Activity
ADDED from src\main\AndroidManifest.xml:70:9-58
	android:name
		ADDED from src\main\AndroidManifest.xml:70:19-56
activity#android.ye.mobileguard.Activity.Set3Activity
ADDED from src\main\AndroidManifest.xml:71:9-58
	android:name
		ADDED from src\main\AndroidManifest.xml:71:19-56
activity#android.ye.mobileguard.Activity.Set4Activity
ADDED from src\main\AndroidManifest.xml:72:9-58
	android:name
		ADDED from src\main\AndroidManifest.xml:72:19-56
activity#android.ye.mobileguard.Activity.SetFinishActivity
ADDED from src\main\AndroidManifest.xml:73:9-64
	android:name
		ADDED from src\main\AndroidManifest.xml:73:19-61
activity#android.ye.mobileguard.Activity.ContactListActivity
ADDED from src\main\AndroidManifest.xml:74:9-66
	android:name
		ADDED from src\main\AndroidManifest.xml:74:19-63
activity#android.ye.mobileguard.Activity.ToolsActivity
ADDED from src\main\AndroidManifest.xml:75:9-60
	android:name
		ADDED from src\main\AndroidManifest.xml:75:19-57
activity#android.ye.mobileguard.Activity.QueryAdrActivity
ADDED from src\main\AndroidManifest.xml:76:9-63
	android:name
		ADDED from src\main\AndroidManifest.xml:76:19-60
activity#android.ye.mobileguard.Activity.ToastLocationActivity
ADDED from src\main\AndroidManifest.xml:77:9-78:74
	android:theme
		ADDED from src\main\AndroidManifest.xml:78:13-72
	android:name
		ADDED from src\main\AndroidManifest.xml:77:19-65
activity#android.ye.mobileguard.Activity.BlackNumberActivity
ADDED from src\main\AndroidManifest.xml:79:9-65
	android:name
		ADDED from src\main\AndroidManifest.xml:79:19-63
activity#android.ye.mobileguard.Activity.AppManagerActivity
ADDED from src\main\AndroidManifest.xml:80:9-64
	android:name
		ADDED from src\main\AndroidManifest.xml:80:19-62
activity#android.ye.mobileguard.Activity.ProcessManagerActivity
ADDED from src\main\AndroidManifest.xml:81:9-68
	android:name
		ADDED from src\main\AndroidManifest.xml:81:19-66
activity#android.ye.mobileguard.Activity.SettingProcessActivity
ADDED from src\main\AndroidManifest.xml:82:9-68
	android:name
		ADDED from src\main\AndroidManifest.xml:82:19-66
activity#android.ye.mobileguard.Activity.CommonNumQueryActivity
ADDED from src\main\AndroidManifest.xml:83:9-68
	android:name
		ADDED from src\main\AndroidManifest.xml:83:19-66
activity#android.ye.mobileguard.Activity.AppLockActivity
ADDED from src\main\AndroidManifest.xml:84:9-61
	android:name
		ADDED from src\main\AndroidManifest.xml:84:19-59
activity#android.ye.mobileguard.Activity.EnterPsdActivity
ADDED from src\main\AndroidManifest.xml:87:9-89:48
	android:excludeFromRecents
		ADDED from src\main\AndroidManifest.xml:89:13-46
	android:launchMode
		ADDED from src\main\AndroidManifest.xml:88:13-48
	android:name
		ADDED from src\main\AndroidManifest.xml:87:19-60
activity#android.ye.mobileguard.Activity.AntiVirusActivity
ADDED from src\main\AndroidManifest.xml:91:9-63
	android:name
		ADDED from src\main\AndroidManifest.xml:91:19-61
activity#android.ye.mobileguard.Activity.CacheClearActivity
ADDED from src\main\AndroidManifest.xml:92:9-64
	android:name
		ADDED from src\main\AndroidManifest.xml:92:19-62
activity#android.ye.mobileguard.Activity.BaseCacheClearActivity
ADDED from src\main\AndroidManifest.xml:93:9-68
	android:name
		ADDED from src\main\AndroidManifest.xml:93:19-66
activity#android.ye.mobileguard.Activity.SDCacheClearActivity
ADDED from src\main\AndroidManifest.xml:94:9-66
	android:name
		ADDED from src\main\AndroidManifest.xml:94:19-64
activity#android.ye.mobileguard.Activity.TrafficInfoActivity
ADDED from src\main\AndroidManifest.xml:95:9-65
	android:name
		ADDED from src\main\AndroidManifest.xml:95:19-63
receiver#android.ye.mobileguard.Receiver.SimAlarm
ADDED from src\main\AndroidManifest.xml:98:9-102:20
	android:name
		ADDED from src\main\AndroidManifest.xml:98:19-74
intent-filter#android.intent.action.BOOT_COMPLETED
ADDED from src\main\AndroidManifest.xml:99:13-101:29
action#android.intent.action.BOOT_COMPLETED
ADDED from src\main\AndroidManifest.xml:100:17-78
	android:name
		ADDED from src\main\AndroidManifest.xml:100:25-76
receiver#android.ye.mobileguard.Receiver.SmsReceive
ADDED from src\main\AndroidManifest.xml:104:9-109:20
	android:name
		ADDED from src\main\AndroidManifest.xml:104:19-76
intent-filter#android.provider.Telephony.SMS_RECEIVED
ADDED from src\main\AndroidManifest.xml:105:13-108:29
action#android.provider.Telephony.SMS_RECEIVED
ADDED from src\main\AndroidManifest.xml:106:17-81
	android:name
		ADDED from src\main\AndroidManifest.xml:106:25-79
receiver#android.ye.mobileguard.Receiver.DeviceAdmin
ADDED from src\main\AndroidManifest.xml:110:9-117:20
	android:permission
		ADDED from src\main\AndroidManifest.xml:111:13-70
	android:name
		ADDED from src\main\AndroidManifest.xml:110:19-77
intent-filter#android.app.action.DEVICE_ADMIN_ENABLED
ADDED from src\main\AndroidManifest.xml:113:13-116:29
action#android.app.action.DEVICE_ADMIN_ENABLED
ADDED from src\main\AndroidManifest.xml:114:17-81
	android:name
		ADDED from src\main\AndroidManifest.xml:114:25-79
receiver#android.ye.mobileguard.Receiver.MyAppWidgetProvider
ADDED from src\main\AndroidManifest.xml:118:9-124:20
	android:name
		ADDED from src\main\AndroidManifest.xml:118:19-85
intent-filter#android.appwidget.action.APPWIDGET_UPDATE
ADDED from src\main\AndroidManifest.xml:119:13-121:29
action#android.appwidget.action.APPWIDGET_UPDATE
ADDED from src\main\AndroidManifest.xml:120:17-84
	android:name
		ADDED from src\main\AndroidManifest.xml:120:25-81
meta-data#android.appwidget.provider
ADDED from src\main\AndroidManifest.xml:122:13-123:67
	android:resource
		ADDED from src\main\AndroidManifest.xml:123:17-64
	android:name
		ADDED from src\main\AndroidManifest.xml:122:24-65
receiver#android.ye.mobileguard.Receiver.KillProcessReceiver
ADDED from src\main\AndroidManifest.xml:126:9-131:20
	android:name
		ADDED from src\main\AndroidManifest.xml:126:19-85
intent-filter#android.intent.action.KILL_BACKGROUND_PROCESS
ADDED from src\main\AndroidManifest.xml:127:13-130:29
action#android.intent.action.KILL_BACKGROUND_PROCESS
ADDED from src\main\AndroidManifest.xml:129:17-88
	android:name
		ADDED from src\main\AndroidManifest.xml:129:25-85
service#android.ye.mobileguard.Service.LocationService
ADDED from src\main\AndroidManifest.xml:134:9-81
	android:name
		ADDED from src\main\AndroidManifest.xml:134:18-79
service#android.ye.mobileguard.Service.AddressService
ADDED from src\main\AndroidManifest.xml:135:9-80
	android:name
		ADDED from src\main\AndroidManifest.xml:135:18-78
service#android.ye.mobileguard.Service.BlackNumberService
ADDED from src\main\AndroidManifest.xml:136:9-84
	android:name
		ADDED from src\main\AndroidManifest.xml:136:18-82
service#android.ye.mobileguard.Service.LockScreenService
ADDED from src\main\AndroidManifest.xml:137:9-61
	android:name
		ADDED from src\main\AndroidManifest.xml:137:18-59
service#android.ye.mobileguard.Service.AppLockService
ADDED from src\main\AndroidManifest.xml:138:9-58
	android:name
		ADDED from src\main\AndroidManifest.xml:138:18-56
activity#android.ye.mobileguard.Activity.ComposeSmsActivity
ADDED from src\main\AndroidManifest.xml:141:9-152:20
	android:name
		ADDED from src\main\AndroidManifest.xml:141:19-84
intent-filter#android.intent.action.SEND+android.intent.action.SENDTO+android.intent.category.BROWSABLE+android.intent.category.DEFAULT
ADDED from src\main\AndroidManifest.xml:142:13-151:29
action#android.intent.action.SEND
ADDED from src\main\AndroidManifest.xml:143:17-69
	android:name
		ADDED from src\main\AndroidManifest.xml:143:25-66
action#android.intent.action.SENDTO
ADDED from src\main\AndroidManifest.xml:144:17-71
	android:name
		ADDED from src\main\AndroidManifest.xml:144:25-68
category#android.intent.category.BROWSABLE
ADDED from src\main\AndroidManifest.xml:146:17-78
	android:name
		ADDED from src\main\AndroidManifest.xml:146:27-75
data
ADDED from src\main\AndroidManifest.xml:147:17-46
	android:scheme
		ADDED from src\main\AndroidManifest.xml:147:23-43
receiver#android.ye.mobileguard.Receiver.MmsReceiver
ADDED from src\main\AndroidManifest.xml:154:9-160:20
	android:permission
		ADDED from src\main\AndroidManifest.xml:155:13-71
	android:name
		ADDED from src\main\AndroidManifest.xml:154:19-77
intent-filter#android.provider.Telephony.WAP_PUSH_DELIVER
ADDED from src\main\AndroidManifest.xml:156:13-159:29
action#android.provider.Telephony.WAP_PUSH_DELIVER
ADDED from src\main\AndroidManifest.xml:157:17-86
	android:name
		ADDED from src\main\AndroidManifest.xml:157:25-83
receiver#android.ye.mobileguard.Receiver.SmsReceiver
ADDED from src\main\AndroidManifest.xml:162:9-168:20
	android:permission
		ADDED from src\main\AndroidManifest.xml:163:13-66
	android:name
		ADDED from src\main\AndroidManifest.xml:162:19-77
intent-filter#android.provider.Telephony.SMS_DELIVER+android.provider.Telephony.SMS_RECEIVED
ADDED from src\main\AndroidManifest.xml:164:13-167:29
	android:priority
		ADDED from src\main\AndroidManifest.xml:164:28-57
action#android.provider.Telephony.SMS_DELIVER
ADDED from src\main\AndroidManifest.xml:165:17-81
	android:name
		ADDED from src\main\AndroidManifest.xml:165:25-78
service#android.ye.mobileguard.Service.HeadlessSmsSendService
ADDED from src\main\AndroidManifest.xml:170:9-181:19
	android:exported
		ADDED from src\main\AndroidManifest.xml:172:13-36
	android:permission
		ADDED from src\main\AndroidManifest.xml:171:13-77
	android:name
		ADDED from src\main\AndroidManifest.xml:170:18-86
intent-filter#android.intent.action.RESPOND_VIA_MESSAGE+android.intent.category.DEFAULT
ADDED from src\main\AndroidManifest.xml:173:13-180:29
action#android.intent.action.RESPOND_VIA_MESSAGE
ADDED from src\main\AndroidManifest.xml:174:17-84
	android:name
		ADDED from src\main\AndroidManifest.xml:174:25-81
uses-sdk
INJECTED from src\main\AndroidManifest.xml reason: use-sdk injection requested
MERGED from [com.android.support:appcompat-v7:23.2.1] AndroidManifest.xml:21:5-23:78
MERGED from [com.android.support:support-v4:23.2.1] AndroidManifest.xml:20:5-43
MERGED from [com.android.support:animated-vector-drawable:23.2.1] AndroidManifest.xml:5:5-44
MERGED from [com.android.support:support-vector-drawable:23.2.1] AndroidManifest.xml:5:5-43
	tools:overrideLibrary
		ADDED from [com.android.support:appcompat-v7:23.2.1] AndroidManifest.xml:23:9-75
	android:targetSdkVersion
		INJECTED from src\main\AndroidManifest.xml
		INJECTED from src\main\AndroidManifest.xml
	android:minSdkVersion
		INJECTED from src\main\AndroidManifest.xml
		INJECTED from src\main\AndroidManifest.xml